<?xml version="1.0" ?>
<!DOCTYPE coverage SYSTEM "http://cobertura.sourceforge.net/xml/coverage-04.dtd">
<coverage lines-valid="485" lines-covered="395" line-rate="0.8144" branches-valid="241" branches-covered="170" branch-rate="0.7054" timestamp="1497211792394" complexity="0" version="0.1">
  <sources>
    <source>/media/Data/GoogleDrive/Programs/JS/TodoCMD</source>
  </sources>
  <packages>
    <package name="TodoCMD" line-rate="1" branch-rate="1">
      <classes>
        <class name="index.js" filename="index.js" line-rate="1" branch-rate="1">
          <methods>
          </methods>
          <lines>
            <line number="1" hits="1" branch="false"/>
            <line number="2" hits="1" branch="false"/>
            <line number="4" hits="1" branch="false"/>
          </lines>
        </class>
      </classes>
    </package>
    <package name="TodoCMD.lib" line-rate="0.8133" branch-rate="0.7054">
      <classes>
        <class name="cli_functions.js" filename="lib/cli_functions.js" line-rate="0.8026000000000001" branch-rate="0.6803">
          <methods>
            <method name="tui" hits="0" signature="()V">
              <lines>
                <line number="13" hits="0"/>
              </lines>
            </method>
            <method name="newProject" hits="3" signature="()V">
              <lines>
                <line number="18" hits="3"/>
              </lines>
            </method>
            <method name="(anonymous_2)" hits="1" signature="()V">
              <lines>
                <line number="40" hits="1"/>
              </lines>
            </method>
            <method name="(anonymous_3)" hits="1" signature="()V">
              <lines>
                <line number="41" hits="1"/>
              </lines>
            </method>
            <method name="(anonymous_4)" hits="2" signature="()V">
              <lines>
                <line number="49" hits="2"/>
              </lines>
            </method>
            <method name="(anonymous_5)" hits="2" signature="()V">
              <lines>
                <line number="50" hits="2"/>
              </lines>
            </method>
            <method name="(anonymous_6)" hits="0" signature="()V">
              <lines>
                <line number="52" hits="0"/>
              </lines>
            </method>
            <method name="(anonymous_7)" hits="1" signature="()V">
              <lines>
                <line number="54" hits="1"/>
              </lines>
            </method>
            <method name="list" hits="3" signature="()V">
              <lines>
                <line number="62" hits="3"/>
              </lines>
            </method>
            <method name="listInteractive" hits="1" signature="()V">
              <lines>
                <line number="81" hits="1"/>
              </lines>
            </method>
            <method name="(anonymous_10)" hits="1" signature="()V">
              <lines>
                <line number="84" hits="1"/>
              </lines>
            </method>
            <method name="(anonymous_11)" hits="1" signature="()V">
              <lines>
                <line number="86" hits="1"/>
              </lines>
            </method>
            <method name="(anonymous_12)" hits="2" signature="()V">
              <lines>
                <line number="92" hits="2"/>
              </lines>
            </method>
            <method name="listList" hits="1" signature="()V">
              <lines>
                <line number="100" hits="1"/>
              </lines>
            </method>
            <method name="(anonymous_14)" hits="1" signature="()V">
              <lines>
                <line number="103" hits="1"/>
              </lines>
            </method>
            <method name="(anonymous_15)" hits="3" signature="()V">
              <lines>
                <line number="109" hits="3"/>
              </lines>
            </method>
            <method name="listRegexp" hits="1" signature="()V">
              <lines>
                <line number="115" hits="1"/>
              </lines>
            </method>
            <method name="(anonymous_17)" hits="1" signature="()V">
              <lines>
                <line number="118" hits="1"/>
              </lines>
            </method>
            <method name="(anonymous_18)" hits="2" signature="()V">
              <lines>
                <line number="120" hits="2"/>
              </lines>
            </method>
            <method name="(anonymous_19)" hits="2" signature="()V">
              <lines>
                <line number="128" hits="2"/>
              </lines>
            </method>
            <method name="listAdd" hits="1" signature="()V">
              <lines>
                <line number="138" hits="1"/>
              </lines>
            </method>
            <method name="(anonymous_21)" hits="1" signature="()V">
              <lines>
                <line number="151" hits="1"/>
              </lines>
            </method>
            <method name="(anonymous_22)" hits="1" signature="()V">
              <lines>
                <line number="171" hits="1"/>
              </lines>
            </method>
            <method name="listRm" hits="3" signature="()V">
              <lines>
                <line number="178" hits="3"/>
              </lines>
            </method>
            <method name="remove" hits="3" signature="()V">
              <lines>
                <line number="190" hits="3"/>
              </lines>
            </method>
            <method name="(anonymous_25)" hits="0" signature="()V">
              <lines>
                <line number="192" hits="0"/>
              </lines>
            </method>
            <method name="(anonymous_26)" hits="3" signature="()V">
              <lines>
                <line number="195" hits="3"/>
              </lines>
            </method>
            <method name="(anonymous_27)" hits="3" signature="()V">
              <lines>
                <line number="203" hits="3"/>
              </lines>
            </method>
            <method name="(anonymous_28)" hits="3" signature="()V">
              <lines>
                <line number="209" hits="3"/>
              </lines>
            </method>
            <method name="(anonymous_29)" hits="3" signature="()V">
              <lines>
                <line number="213" hits="3"/>
              </lines>
            </method>
            <method name="(anonymous_30)" hits="3" signature="()V">
              <lines>
                <line number="218" hits="3"/>
              </lines>
            </method>
            <method name="itemAdd" hits="2" signature="()V">
              <lines>
                <line number="226" hits="2"/>
              </lines>
            </method>
            <method name="(anonymous_32)" hits="2" signature="()V">
              <lines>
                <line number="239" hits="2"/>
              </lines>
            </method>
            <method name="(anonymous_33)" hits="2" signature="()V">
              <lines>
                <line number="241" hits="2"/>
              </lines>
            </method>
            <method name="(anonymous_34)" hits="2" signature="()V">
              <lines>
                <line number="245" hits="2"/>
              </lines>
            </method>
            <method name="(anonymous_35)" hits="2" signature="()V">
              <lines>
                <line number="248" hits="2"/>
              </lines>
            </method>
            <method name="(anonymous_36)" hits="2" signature="()V">
              <lines>
                <line number="249" hits="2"/>
              </lines>
            </method>
            <method name="itemRm" hits="2" signature="()V">
              <lines>
                <line number="254" hits="2"/>
              </lines>
            </method>
            <method name="(anonymous_38)" hits="2" signature="()V">
              <lines>
                <line number="267" hits="2"/>
              </lines>
            </method>
            <method name="(anonymous_39)" hits="2" signature="()V">
              <lines>
                <line number="272" hits="2"/>
              </lines>
            </method>
            <method name="(anonymous_40)" hits="0" signature="()V">
              <lines>
                <line number="276" hits="0"/>
              </lines>
            </method>
            <method name="(anonymous_41)" hits="2" signature="()V">
              <lines>
                <line number="277" hits="2"/>
              </lines>
            </method>
            <method name="itemMark" hits="2" signature="()V">
              <lines>
                <line number="283" hits="2"/>
              </lines>
            </method>
            <method name="disable" hits="2" signature="()V">
              <lines>
                <line number="295" hits="2"/>
              </lines>
            </method>
            <method name="(anonymous_44)" hits="2" signature="()V">
              <lines>
                <line number="303" hits="2"/>
              </lines>
            </method>
            <method name="(anonymous_45)" hits="2" signature="()V">
              <lines>
                <line number="313" hits="2"/>
              </lines>
            </method>
            <method name="(anonymous_46)" hits="4" signature="()V">
              <lines>
                <line number="317" hits="4"/>
              </lines>
            </method>
            <method name="getFile" hits="16" signature="()V">
              <lines>
                <line number="326" hits="16"/>
              </lines>
            </method>
            <method name="getLists" hits="6" signature="()V">
              <lines>
                <line number="358" hits="6"/>
              </lines>
            </method>
            <method name="(anonymous_49)" hits="2" signature="()V">
              <lines>
                <line number="379" hits="2"/>
              </lines>
            </method>
            <method name="(anonymous_50)" hits="9" signature="()V">
              <lines>
                <line number="386" hits="9"/>
              </lines>
            </method>
            <method name="(anonymous_51)" hits="4" signature="()V">
              <lines>
                <line number="390" hits="4"/>
              </lines>
            </method>
            <method name="getItems" hits="4" signature="()V">
              <lines>
                <line number="398" hits="4"/>
              </lines>
            </method>
            <method name="(anonymous_53)" hits="2" signature="()V">
              <lines>
                <line number="411" hits="2"/>
              </lines>
            </method>
            <method name="(anonymous_54)" hits="5" signature="()V">
              <lines>
                <line number="429" hits="5"/>
              </lines>
            </method>
            <method name="(anonymous_55)" hits="6" signature="()V">
              <lines>
                <line number="433" hits="6"/>
              </lines>
            </method>
            <method name="(anonymous_56)" hits="3" signature="()V">
              <lines>
                <line number="444" hits="3"/>
              </lines>
            </method>
            <method name="(anonymous_57)" hits="4" signature="()V">
              <lines>
                <line number="447" hits="4"/>
              </lines>
            </method>
            <method name="(anonymous_58)" hits="5" signature="()V">
              <lines>
                <line number="461" hits="5"/>
              </lines>
            </method>
            <method name="(anonymous_59)" hits="3" signature="()V">
              <lines>
                <line number="470" hits="3"/>
              </lines>
            </method>
            <method name="(anonymous_60)" hits="2" signature="()V">
              <lines>
                <line number="477" hits="2"/>
              </lines>
            </method>
          </methods>
          <lines>
            <line number="2" hits="1" branch="false"/>
            <line number="3" hits="1" branch="false"/>
            <line number="4" hits="1" branch="false"/>
            <line number="5" hits="1" branch="false"/>
            <line number="6" hits="1" branch="false"/>
            <line number="7" hits="1" branch="false"/>
            <line number="8" hits="1" branch="false"/>
            <line number="15" hits="0" branch="false"/>
            <line number="20" hits="3" branch="false"/>
            <line number="23" hits="3" branch="false"/>
            <line number="37" hits="3" branch="true" condition-coverage="100% (2/2)"/>
            <line number="39" hits="1" branch="false"/>
            <line number="40" hits="1" branch="false"/>
            <line number="41" hits="1" branch="true" condition-coverage="50% (1/2)"/>
            <line number="45" hits="2" branch="false"/>
            <line number="48" hits="3" branch="false"/>
            <line number="49" hits="2" branch="false"/>
            <line number="51" hits="2" branch="false"/>
            <line number="52" hits="0" branch="false"/>
            <line number="55" hits="1" branch="true" condition-coverage="50% (1/2)"/>
            <line number="56" hits="1" branch="false"/>
            <line number="58" hits="0" branch="false"/>
            <line number="64" hits="3" branch="false"/>
            <line number="65" hits="3" branch="true" condition-coverage="50% (1/2)"/>
            <line number="67" hits="0" branch="false"/>
            <line number="68" hits="0" branch="false"/>
            <line number="69" hits="0" branch="true" condition-coverage="0% (0/2)"/>
            <line number="70" hits="0" branch="false"/>
            <line number="71" hits="0" branch="false"/>
            <line number="74" hits="3" branch="true" condition-coverage="100% (2/2)"/>
            <line number="75" hits="1" branch="false"/>
            <line number="76" hits="2" branch="true" condition-coverage="100% (2/2)"/>
            <line number="77" hits="1" branch="false"/>
            <line number="79" hits="1" branch="false"/>
            <line number="83" hits="1" branch="false"/>
            <line number="85" hits="1" branch="false"/>
            <line number="87" hits="1" branch="false"/>
            <line number="89" hits="1" branch="true" condition-coverage="50% (1/2)"/>
            <line number="90" hits="1" branch="false"/>
            <line number="92" hits="1" branch="false"/>
            <line number="93" hits="2" branch="true" condition-coverage="100% (2/2)"/>
            <line number="94" hits="2" branch="false"/>
            <line number="102" hits="1" branch="false"/>
            <line number="104" hits="1" branch="true" condition-coverage="50% (1/2)"/>
            <line number="105" hits="1" branch="false"/>
            <line number="106" hits="1" branch="true" condition-coverage="50% (1/2)"/>
            <line number="107" hits="1" branch="false"/>
            <line number="109" hits="1" branch="false"/>
            <line number="110" hits="3" branch="false"/>
            <line number="117" hits="1" branch="false"/>
            <line number="119" hits="1" branch="false"/>
            <line number="120" hits="1" branch="false"/>
            <line number="121" hits="2" branch="false"/>
            <line number="123" hits="2" branch="true" condition-coverage="50% (1/2)"/>
            <line number="124" hits="2" branch="false"/>
            <line number="125" hits="2" branch="true" condition-coverage="100% (2/2)"/>
            <line number="126" hits="1" branch="false"/>
            <line number="128" hits="2" branch="false"/>
            <line number="129" hits="2" branch="true" condition-coverage="100% (2/2)"/>
            <line number="130" hits="2" branch="false"/>
            <line number="132" hits="2" branch="false"/>
            <line number="140" hits="1" branch="false"/>
            <line number="141" hits="1" branch="true" condition-coverage="50% (1/2)"/>
            <line number="143" hits="0" branch="false"/>
            <line number="144" hits="0" branch="false"/>
            <line number="145" hits="0" branch="true" condition-coverage="0% (0/2)"/>
            <line number="146" hits="0" branch="false"/>
            <line number="147" hits="0" branch="false"/>
            <line number="150" hits="1" branch="false"/>
            <line number="152" hits="1" branch="true" condition-coverage="50% (1/2)"/>
            <line number="153" hits="0" branch="false"/>
            <line number="155" hits="1" branch="false"/>
            <line number="157" hits="1" branch="false"/>
            <line number="170" hits="1" branch="false"/>
            <line number="172" hits="1" branch="false"/>
            <line number="173" hits="1" branch="false"/>
            <line number="180" hits="3" branch="false"/>
            <line number="181" hits="3" branch="true" condition-coverage="50% (1/2)"/>
            <line number="183" hits="0" branch="false"/>
            <line number="184" hits="0" branch="false"/>
            <line number="185" hits="0" branch="true" condition-coverage="0% (0/2)"/>
            <line number="186" hits="0" branch="false"/>
            <line number="187" hits="0" branch="false"/>
            <line number="192" hits="3" branch="false"/>
            <line number="193" hits="3" branch="false"/>
            <line number="195" hits="3" branch="false"/>
            <line number="196" hits="3" branch="false"/>
            <line number="197" hits="3" branch="true" condition-coverage="100% (2/2)"/>
            <line number="198" hits="1" branch="false"/>
            <line number="200" hits="2" branch="false"/>
            <line number="202" hits="3" branch="false"/>
            <line number="203" hits="3" branch="false"/>
            <line number="204" hits="3" branch="true" condition-coverage="50% (1/2)"/>
            <line number="205" hits="3" branch="false"/>
            <line number="209" hits="3" branch="false"/>
            <line number="212" hits="3" branch="false"/>
            <line number="214" hits="3" branch="true" condition-coverage="100% (2/2)"/>
            <line number="215" hits="2" branch="false"/>
            <line number="217" hits="3" branch="false"/>
            <line number="219" hits="3" branch="true" condition-coverage="50% (1/2)"/>
            <line number="220" hits="0" branch="false"/>
            <line number="221" hits="3" branch="false"/>
            <line number="228" hits="2" branch="false"/>
            <line number="229" hits="2" branch="true" condition-coverage="50% (1/2)"/>
            <line number="231" hits="0" branch="false"/>
            <line number="232" hits="0" branch="false"/>
            <line number="233" hits="0" branch="true" condition-coverage="0% (0/2)"/>
            <line number="234" hits="0" branch="false"/>
            <line number="235" hits="0" branch="false"/>
            <line number="238" hits="2" branch="false"/>
            <line number="240" hits="2" branch="false"/>
            <line number="242" hits="2" branch="true" condition-coverage="50% (1/2)"/>
            <line number="243" hits="0" branch="false"/>
            <line number="245" hits="2" branch="false"/>
            <line number="247" hits="2" branch="false"/>
            <line number="248" hits="2" branch="false"/>
            <line number="249" hits="2" branch="false"/>
            <line number="256" hits="2" branch="false"/>
            <line number="257" hits="2" branch="true" condition-coverage="50% (1/2)"/>
            <line number="259" hits="0" branch="false"/>
            <line number="260" hits="0" branch="false"/>
            <line number="261" hits="0" branch="true" condition-coverage="0% (0/2)"/>
            <line number="262" hits="0" branch="false"/>
            <line number="263" hits="0" branch="false"/>
            <line number="266" hits="2" branch="false"/>
            <line number="268" hits="2" branch="true" condition-coverage="100% (2/2)"/>
            <line number="269" hits="1" branch="false"/>
            <line number="271" hits="2" branch="false"/>
            <line number="273" hits="2" branch="true" condition-coverage="50% (1/2)"/>
            <line number="274" hits="0" branch="false"/>
            <line number="276" hits="2" branch="false"/>
            <line number="277" hits="2" branch="false"/>
            <line number="278" hits="2" branch="false"/>
            <line number="285" hits="2" branch="false"/>
            <line number="286" hits="2" branch="true" condition-coverage="50% (1/2)"/>
            <line number="288" hits="0" branch="false"/>
            <line number="289" hits="0" branch="false"/>
            <line number="290" hits="0" branch="true" condition-coverage="0% (0/2)"/>
            <line number="291" hits="0" branch="false"/>
            <line number="292" hits="0" branch="false"/>
            <line number="297" hits="2" branch="true" condition-coverage="100% (2/2)"/>
            <line number="298" hits="1" branch="true" condition-coverage="50% (1/2)"/>
            <line number="299" hits="1" branch="false"/>
            <line number="302" hits="2" branch="false"/>
            <line number="304" hits="2" branch="true" condition-coverage="50% (1/2)"/>
            <line number="305" hits="2" branch="false"/>
            <line number="307" hits="2" branch="true" condition-coverage="100% (2/2)"/>
            <line number="308" hits="1" branch="false"/>
            <line number="310" hits="1" branch="false"/>
            <line number="312" hits="2" branch="false"/>
            <line number="314" hits="2" branch="true" condition-coverage="50% (1/2)"/>
            <line number="315" hits="0" branch="false"/>
            <line number="317" hits="4" branch="false"/>
            <line number="318" hits="2" branch="false"/>
            <line number="329" hits="16" branch="true" condition-coverage="100% (2/2)"/>
            <line number="330" hits="2" branch="false"/>
            <line number="331" hits="14" branch="true" condition-coverage="100% (4/4)"/>
            <line number="332" hits="1" branch="false"/>
            <line number="334" hits="13" branch="false"/>
            <line number="336" hits="16" branch="true" condition-coverage="100% (2/2)"/>
            <line number="337" hits="2" branch="false"/>
            <line number="339" hits="16" branch="true" condition-coverage="100% (2/2)"/>
            <line number="340" hits="1" branch="false"/>
            <line number="343" hits="16" branch="false"/>
            <line number="345" hits="16" branch="false"/>
            <line number="349" hits="2" branch="false"/>
            <line number="352" hits="16" branch="false"/>
            <line number="360" hits="6" branch="true" condition-coverage="50% (1/2)"/>
            <line number="361" hits="0" branch="false"/>
            <line number="363" hits="6" branch="false"/>
            <line number="370" hits="6" branch="true" condition-coverage="100% (2/2)"/>
            <line number="372" hits="3" branch="false"/>
            <line number="373" hits="3" branch="true" condition-coverage="50% (1/2)"/>
            <line number="374" hits="0" branch="false"/>
            <line number="376" hits="3" branch="true" condition-coverage="100% (2/2)"/>
            <line number="377" hits="2" branch="false"/>
            <line number="379" hits="1" branch="false"/>
            <line number="380" hits="2" branch="false"/>
            <line number="381" hits="2" branch="false"/>
            <line number="386" hits="9" branch="false"/>
            <line number="389" hits="4" branch="false"/>
            <line number="391" hits="4" branch="true" condition-coverage="100% (2/2)"/>
            <line number="392" hits="2" branch="false"/>
            <line number="394" hits="2" branch="false"/>
            <line number="400" hits="4" branch="true" condition-coverage="50% (1/2)"/>
            <line number="401" hits="0" branch="false"/>
            <line number="404" hits="4" branch="true" condition-coverage="100% (2/2)"/>
            <line number="406" hits="2" branch="false"/>
            <line number="407" hits="2" branch="true" condition-coverage="50% (1/2)"/>
            <line number="408" hits="0" branch="false"/>
            <line number="410" hits="2" branch="false"/>
            <line number="411" hits="2" branch="false"/>
            <line number="415" hits="2" branch="false"/>
            <line number="419" hits="4" branch="false"/>
            <line number="427" hits="4" branch="true" condition-coverage="100% (2/2)"/>
            <line number="429" hits="3" branch="false"/>
            <line number="430" hits="5" branch="false"/>
            <line number="431" hits="5" branch="true" condition-coverage="100% (2/2)"/>
            <line number="432" hits="4" branch="false"/>
            <line number="433" hits="5" branch="false"/>
            <line number="434" hits="6" branch="false"/>
            <line number="435" hits="6" branch="false"/>
            <line number="439" hits="3" branch="true" condition-coverage="50% (1/2)"/>
            <line number="440" hits="0" branch="false"/>
            <line number="444" hits="1" branch="false"/>
            <line number="445" hits="3" branch="true" condition-coverage="100% (2/2)"/>
            <line number="446" hits="2" branch="false"/>
            <line number="447" hits="3" branch="false"/>
            <line number="448" hits="4" branch="false"/>
            <line number="452" hits="1" branch="true" condition-coverage="50% (1/2)"/>
            <line number="453" hits="0" branch="false"/>
            <line number="456" hits="4" branch="true" condition-coverage="100% (2/2)"/>
            <line number="457" hits="1" branch="false"/>
            <line number="458" hits="3" branch="true" condition-coverage="100% (2/2)"/>
            <line number="460" hits="1" branch="false"/>
            <line number="461" hits="1" branch="false"/>
            <line number="462" hits="5" branch="true" condition-coverage="100% (2/2)"/>
            <line number="463" hits="3" branch="false"/>
            <line number="465" hits="1" branch="false"/>
            <line number="468" hits="2" branch="true" condition-coverage="100% (2/2)"/>
            <line number="470" hits="1" branch="false"/>
            <line number="471" hits="3" branch="true" condition-coverage="100% (2/2)"/>
            <line number="472" hits="2" branch="false"/>
            <line number="476" hits="2" branch="false"/>
            <line number="478" hits="2" branch="true" condition-coverage="50% (1/2)"/>
            <line number="479" hits="2" branch="false"/>
            <line number="481" hits="0" branch="false"/>
            <line number="489" hits="1" branch="false"/>
          </lines>
        </class>
        <class name="config.js" filename="lib/config.js" line-rate="0.5278" branch-rate="0.3125">
          <methods>
            <method name="isDirSync" hits="1" signature="()V">
              <lines>
                <line number="41" hits="1"/>
              </lines>
            </method>
            <method name="isFileSync" hits="1" signature="()V">
              <lines>
                <line number="56" hits="1"/>
              </lines>
            </method>
            <method name="(anonymous_2)" hits="0" signature="()V">
              <lines>
                <line number="87" hits="0"/>
              </lines>
            </method>
          </methods>
          <lines>
            <line number="2" hits="1" branch="false"/>
            <line number="3" hits="1" branch="false"/>
            <line number="5" hits="1" branch="false"/>
            <line number="6" hits="1" branch="false"/>
            <line number="9" hits="1" branch="true" condition-coverage="50% (1/2)"/>
            <line number="11" hits="0" branch="false"/>
            <line number="12" hits="0" branch="false"/>
            <line number="19" hits="1" branch="false"/>
            <line number="20" hits="1" branch="true" condition-coverage="50% (1/2)"/>
            <line number="21" hits="0" branch="false"/>
            <line number="22" hits="1" branch="false"/>
            <line number="23" hits="1" branch="false"/>
            <line number="30" hits="1" branch="true" condition-coverage="50% (1/2)"/>
            <line number="32" hits="0" branch="true" condition-coverage="0% (0/2)"/>
            <line number="33" hits="0" branch="false"/>
            <line number="34" hits="0" branch="false"/>
            <line number="35" hits="0" branch="false"/>
            <line number="43" hits="1" branch="false"/>
            <line number="45" hits="1" branch="false"/>
            <line number="49" hits="0" branch="true" condition-coverage="0% (0/2)"/>
            <line number="50" hits="0" branch="false"/>
            <line number="52" hits="0" branch="false"/>
            <line number="58" hits="1" branch="false"/>
            <line number="60" hits="1" branch="false"/>
            <line number="64" hits="0" branch="true" condition-coverage="0% (0/2)"/>
            <line number="65" hits="0" branch="false"/>
            <line number="67" hits="0" branch="false"/>
            <line number="75" hits="1" branch="false"/>
            <line number="81" hits="23" branch="true" condition-coverage="100% (2/2)"/>
            <line number="82" hits="22" branch="false"/>
            <line number="84" hits="1" branch="false"/>
            <line number="85" hits="1" branch="false"/>
            <line number="89" hits="0" branch="true" condition-coverage="0% (0/2)"/>
            <line number="90" hits="0" branch="false"/>
            <line number="92" hits="0" branch="false"/>
            <line number="93" hits="0" branch="false"/>
          </lines>
        </class>
        <class name="md.js" filename="lib/md.js" line-rate="0.8571" branch-rate="1">
          <methods>
            <method name="readFile" hits="4" signature="()V">
              <lines>
                <line number="10" hits="4"/>
              </lines>
            </method>
            <method name="(anonymous_1)" hits="4" signature="()V">
              <lines>
                <line number="12" hits="4"/>
              </lines>
            </method>
            <method name="(anonymous_2)" hits="2" signature="()V">
              <lines>
                <line number="18" hits="2"/>
              </lines>
            </method>
            <method name="(anonymous_3)" hits="0" signature="()V">
              <lines>
                <line number="20" hits="0"/>
              </lines>
            </method>
            <method name="(anonymous_4)" hits="1" signature="()V">
              <lines>
                <line number="22" hits="1"/>
              </lines>
            </method>
            <method name="(anonymous_5)" hits="1" signature="()V">
              <lines>
                <line number="23" hits="1"/>
              </lines>
            </method>
            <method name="writeFile" hits="3" signature="()V">
              <lines>
                <line number="27" hits="3"/>
              </lines>
            </method>
            <method name="(anonymous_7)" hits="3" signature="()V">
              <lines>
                <line number="29" hits="3"/>
              </lines>
            </method>
            <method name="(anonymous_8)" hits="0" signature="()V">
              <lines>
                <line number="34" hits="0"/>
              </lines>
            </method>
            <method name="(anonymous_9)" hits="0" signature="()V">
              <lines>
                <line number="36" hits="0"/>
              </lines>
            </method>
            <method name="(anonymous_10)" hits="1" signature="()V">
              <lines>
                <line number="37" hits="1"/>
              </lines>
            </method>
          </methods>
          <lines>
            <line number="2" hits="1" branch="false"/>
            <line number="3" hits="1" branch="false"/>
            <line number="4" hits="1" branch="false"/>
            <line number="5" hits="1" branch="false"/>
            <line number="12" hits="4" branch="false"/>
            <line number="13" hits="4" branch="false"/>
            <line number="14" hits="4" branch="false"/>
            <line number="15" hits="4" branch="false"/>
            <line number="17" hits="4" branch="false"/>
            <line number="18" hits="2" branch="false"/>
            <line number="20" hits="0" branch="false"/>
            <line number="22" hits="1" branch="false"/>
            <line number="23" hits="1" branch="false"/>
            <line number="29" hits="3" branch="false"/>
            <line number="30" hits="3" branch="false"/>
            <line number="31" hits="1" branch="false"/>
            <line number="33" hits="1" branch="false"/>
            <line number="34" hits="0" branch="false"/>
            <line number="36" hits="0" branch="false"/>
            <line number="37" hits="1" branch="false"/>
            <line number="44" hits="1" branch="false"/>
          </lines>
        </class>
        <class name="md_read.js" filename="lib/md_read.js" line-rate="0.8845999999999999" branch-rate="0.7273000000000001">
          <methods>
            <method name="(anonymous_0)" hits="4" signature="()V">
              <lines>
                <line number="10" hits="4"/>
              </lines>
            </method>
            <method name="(anonymous_1)" hits="2" signature="()V">
              <lines>
                <line number="17" hits="2"/>
              </lines>
            </method>
            <method name="(anonymous_2)" hits="2" signature="()V">
              <lines>
                <line number="31" hits="2"/>
              </lines>
            </method>
            <method name="(anonymous_3)" hits="4" signature="()V">
              <lines>
                <line number="45" hits="4"/>
              </lines>
            </method>
            <method name="(anonymous_4)" hits="4" signature="()V">
              <lines>
                <line number="56" hits="4"/>
              </lines>
            </method>
            <method name="deserializeTitle" hits="4" signature="()V">
              <lines>
                <line number="99" hits="4"/>
              </lines>
            </method>
            <method name="deserializeParagraph" hits="2" signature="()V">
              <lines>
                <line number="108" hits="2"/>
              </lines>
            </method>
            <method name="deserializeItems" hits="1" signature="()V">
              <lines>
                <line number="118" hits="1"/>
              </lines>
            </method>
            <method name="(anonymous_8)" hits="2" signature="()V">
              <lines>
                <line number="123" hits="2"/>
              </lines>
            </method>
          </methods>
          <lines>
            <line number="2" hits="1" branch="false"/>
            <line number="3" hits="1" branch="false"/>
            <line number="12" hits="4" branch="false"/>
            <line number="14" hits="4" branch="false"/>
            <line number="19" hits="2" branch="false"/>
            <line number="21" hits="2" branch="false"/>
            <line number="23" hits="2" branch="false"/>
            <line number="24" hits="2" branch="false"/>
            <line number="27" hits="2" branch="false"/>
            <line number="28" hits="2" branch="false"/>
            <line number="33" hits="2" branch="true" condition-coverage="50% (1/2)"/>
            <line number="34" hits="0" branch="false"/>
            <line number="37" hits="2" branch="false"/>
            <line number="38" hits="2" branch="false"/>
            <line number="47" hits="4" branch="false"/>
            <line number="49" hits="4" branch="true" condition-coverage="50% (1/2)"/>
            <line number="50" hits="0" branch="false"/>
            <line number="52" hits="4" branch="false"/>
            <line number="53" hits="4" branch="false"/>
            <line number="58" hits="4" branch="true" condition-coverage="100% (2/2)"/>
            <line number="60" hits="2" branch="false"/>
            <line number="62" hits="2" branch="false"/>
            <line number="63" hits="2" branch="false"/>
            <line number="64" hits="2" branch="false"/>
            <line number="66" hits="2" branch="false"/>
            <line number="67" hits="2" branch="false"/>
            <line number="71" hits="0" branch="false"/>
            <line number="76" hits="2" branch="false"/>
            <line number="78" hits="2" branch="false"/>
            <line number="79" hits="2" branch="false"/>
            <line number="81" hits="2" branch="true" condition-coverage="50% (1/2)"/>
            <line number="82" hits="1" branch="false"/>
            <line number="83" hits="1" branch="false"/>
            <line number="85" hits="1" branch="false"/>
            <line number="89" hits="1" branch="false"/>
            <line number="101" hits="4" branch="false"/>
            <line number="102" hits="4" branch="true" condition-coverage="100% (2/2)"/>
            <line number="103" hits="1" branch="false"/>
            <line number="105" hits="3" branch="false"/>
            <line number="110" hits="2" branch="true" condition-coverage="75% (3/4)"/>
            <line number="111" hits="0" branch="false"/>
            <line number="112" hits="2" branch="true" condition-coverage="100% (2/2)"/>
            <line number="113" hits="1" branch="false"/>
            <line number="115" hits="1" branch="false"/>
            <line number="120" hits="1" branch="true" condition-coverage="50% (1/2)"/>
            <line number="121" hits="0" branch="false"/>
            <line number="123" hits="1" branch="false"/>
            <line number="124" hits="2" branch="false"/>
            <line number="126" hits="2" branch="true" condition-coverage="50% (1/2)"/>
            <line number="127" hits="0" branch="false"/>
            <line number="129" hits="2" branch="true" condition-coverage="100% (2/2)"/>
            <line number="137" hits="1" branch="false"/>
          </lines>
        </class>
        <class name="md_write.js" filename="lib/md_write.js" line-rate="0.8478" branch-rate="0.7895">
          <methods>
            <method name="(anonymous_0)" hits="3" signature="()V">
              <lines>
                <line number="11" hits="3"/>
              </lines>
            </method>
            <method name="(anonymous_1)" hits="6" signature="()V">
              <lines>
                <line number="25" hits="6"/>
              </lines>
            </method>
            <method name="(anonymous_2)" hits="2" signature="()V">
              <lines>
                <line number="56" hits="2"/>
              </lines>
            </method>
            <method name="(anonymous_3)" hits="3" signature="()V">
              <lines>
                <line number="71" hits="3"/>
              </lines>
            </method>
            <method name="serializeParagraph" hits="2" signature="()V">
              <lines>
                <line number="93" hits="2"/>
              </lines>
            </method>
            <method name="serializeListItem" hits="2" signature="()V">
              <lines>
                <line number="101" hits="2"/>
              </lines>
            </method>
          </methods>
          <lines>
            <line number="2" hits="1" branch="false"/>
            <line number="3" hits="1" branch="false"/>
            <line number="13" hits="3" branch="false"/>
            <line number="15" hits="3" branch="true" condition-coverage="100% (2/2)"/>
            <line number="16" hits="2" branch="false"/>
            <line number="18" hits="1" branch="false"/>
            <line number="19" hits="1" branch="false"/>
            <line number="20" hits="1" branch="false"/>
            <line number="21" hits="1" branch="false"/>
            <line number="22" hits="1" branch="false"/>
            <line number="27" hits="6" branch="true" condition-coverage="100% (2/2)"/>
            <line number="29" hits="1" branch="false"/>
            <line number="30" hits="1" branch="false"/>
            <line number="31" hits="1" branch="false"/>
            <line number="34" hits="5" branch="true" condition-coverage="50% (1/2)"/>
            <line number="36" hits="0" branch="false"/>
            <line number="37" hits="0" branch="false"/>
            <line number="40" hits="5" branch="true" condition-coverage="66.66666666666666% (2/3)"/>
            <line number="43" hits="2" branch="false"/>
            <line number="44" hits="2" branch="false"/>
            <line number="47" hits="3" branch="false"/>
            <line number="48" hits="3" branch="false"/>
            <line number="51" hits="0" branch="false"/>
            <line number="52" hits="0" branch="false"/>
            <line number="58" hits="2" branch="true" condition-coverage="100% (2/2)"/>
            <line number="60" hits="1" branch="false"/>
            <line number="61" hits="1" branch="false"/>
            <line number="62" hits="1" branch="false"/>
            <line number="65" hits="1" branch="false"/>
            <line number="66" hits="1" branch="false"/>
            <line number="67" hits="1" branch="false"/>
            <line number="68" hits="1" branch="false"/>
            <line number="73" hits="3" branch="true" condition-coverage="50% (1/2)"/>
            <line number="75" hits="0" branch="false"/>
            <line number="76" hits="0" branch="false"/>
            <line number="79" hits="3" branch="true" condition-coverage="100% (2/2)"/>
            <line number="81" hits="1" branch="false"/>
            <line number="82" hits="1" branch="false"/>
            <line number="83" hits="1" branch="false"/>
            <line number="86" hits="2" branch="false"/>
            <line number="95" hits="2" branch="true" condition-coverage="50% (1/2)"/>
            <line number="96" hits="2" branch="false"/>
            <line number="98" hits="0" branch="false"/>
            <line number="103" hits="2" branch="true" condition-coverage="100% (2/2)"/>
            <line number="104" hits="2" branch="false"/>
            <line number="110" hits="1" branch="false"/>
          </lines>
        </class>
        <class name="todo.js" filename="lib/todo.js" line-rate="0.8787999999999999" branch-rate="0.8226">
          <methods>
            <method name="(anonymous_0)" hits="106" signature="()V">
              <lines>
                <line number="8" hits="106"/>
              </lines>
            </method>
            <method name="(anonymous_1)" hits="76" signature="()V">
              <lines>
                <line number="23" hits="76"/>
              </lines>
            </method>
            <method name="(anonymous_2)" hits="2" signature="()V">
              <lines>
                <line number="24" hits="2"/>
              </lines>
            </method>
            <method name="(anonymous_3)" hits="37" signature="()V">
              <lines>
                <line number="26" hits="37"/>
              </lines>
            </method>
            <method name="(anonymous_4)" hits="2" signature="()V">
              <lines>
                <line number="27" hits="2"/>
              </lines>
            </method>
            <method name="(anonymous_5)" hits="241" signature="()V">
              <lines>
                <line number="29" hits="241"/>
              </lines>
            </method>
            <method name="(anonymous_6)" hits="156" signature="()V">
              <lines>
                <line number="31" hits="156"/>
              </lines>
            </method>
            <method name="(anonymous_7)" hits="11" signature="()V">
              <lines>
                <line number="49" hits="11"/>
              </lines>
            </method>
            <method name="(anonymous_8)" hits="2" signature="()V">
              <lines>
                <line number="57" hits="2"/>
              </lines>
            </method>
            <method name="(anonymous_9)" hits="76" signature="()V">
              <lines>
                <line number="71" hits="76"/>
              </lines>
            </method>
            <method name="(anonymous_10)" hits="1" signature="()V">
              <lines>
                <line number="76" hits="1"/>
              </lines>
            </method>
            <method name="(anonymous_11)" hits="0" signature="()V">
              <lines>
                <line number="79" hits="0"/>
              </lines>
            </method>
            <method name="(anonymous_12)" hits="32" signature="()V">
              <lines>
                <line number="86" hits="32"/>
              </lines>
            </method>
            <method name="(anonymous_13)" hits="91" signature="()V">
              <lines>
                <line number="88" hits="91"/>
              </lines>
            </method>
            <method name="(anonymous_14)" hits="5" signature="()V">
              <lines>
                <line number="102" hits="5"/>
              </lines>
            </method>
            <method name="(anonymous_15)" hits="1" signature="()V">
              <lines>
                <line number="107" hits="1"/>
              </lines>
            </method>
            <method name="(anonymous_16)" hits="43" signature="()V">
              <lines>
                <line number="117" hits="43"/>
              </lines>
            </method>
            <method name="(anonymous_17)" hits="2" signature="()V">
              <lines>
                <line number="127" hits="2"/>
              </lines>
            </method>
            <method name="(anonymous_18)" hits="1" signature="()V">
              <lines>
                <line number="137" hits="1"/>
              </lines>
            </method>
            <method name="(anonymous_19)" hits="9" signature="()V">
              <lines>
                <line number="142" hits="9"/>
              </lines>
            </method>
            <method name="(anonymous_20)" hits="18" signature="()V">
              <lines>
                <line number="147" hits="18"/>
              </lines>
            </method>
            <method name="(anonymous_21)" hits="30" signature="()V">
              <lines>
                <line number="157" hits="30"/>
              </lines>
            </method>
            <method name="(anonymous_22)" hits="101" signature="()V">
              <lines>
                <line number="162" hits="101"/>
              </lines>
            </method>
            <method name="(anonymous_23)" hits="65" signature="()V">
              <lines>
                <line number="164" hits="65"/>
              </lines>
            </method>
            <method name="(anonymous_24)" hits="6" signature="()V">
              <lines>
                <line number="175" hits="6"/>
              </lines>
            </method>
            <method name="(anonymous_25)" hits="1" signature="()V">
              <lines>
                <line number="180" hits="1"/>
              </lines>
            </method>
            <method name="(anonymous_26)" hits="14" signature="()V">
              <lines>
                <line number="185" hits="14"/>
              </lines>
            </method>
            <method name="(anonymous_27)" hits="36" signature="()V">
              <lines>
                <line number="190" hits="36"/>
              </lines>
            </method>
            <method name="sanitizeTitle" hits="104" signature="()V">
              <lines>
                <line number="201" hits="104"/>
              </lines>
            </method>
            <method name="sanitizeDesc" hits="87" signature="()V">
              <lines>
                <line number="208" hits="87"/>
              </lines>
            </method>
            <method name="(anonymous_30)" hits="157" signature="()V">
              <lines>
                <line number="213" hits="157"/>
              </lines>
            </method>
            <method name="sanitize" hits="176" signature="()V">
              <lines>
                <line number="217" hits="176"/>
              </lines>
            </method>
          </methods>
          <lines>
            <line number="10" hits="106" branch="true" condition-coverage="100% (2/2)"/>
            <line number="11" hits="102" branch="false"/>
            <line number="13" hits="4" branch="false"/>
            <line number="15" hits="106" branch="true" condition-coverage="100% (2/2)"/>
            <line number="16" hits="85" branch="false"/>
            <line number="18" hits="21" branch="false"/>
            <line number="20" hits="106" branch="false"/>
            <line number="23" hits="76" branch="false"/>
            <line number="24" hits="2" branch="false"/>
            <line number="26" hits="37" branch="false"/>
            <line number="27" hits="2" branch="false"/>
            <line number="29" hits="241" branch="false"/>
            <line number="33" hits="156" branch="true" condition-coverage="100% (2/2)"/>
            <line number="35" hits="154" branch="false"/>
            <line number="36" hits="154" branch="false"/>
            <line number="39" hits="2" branch="true" condition-coverage="50% (1/2)"/>
            <line number="41" hits="2" branch="false"/>
            <line number="42" hits="2" branch="false"/>
            <line number="45" hits="0" branch="false"/>
            <line number="46" hits="0" branch="false"/>
            <line number="51" hits="11" branch="true" condition-coverage="75% (3/4)"/>
            <line number="52" hits="0" branch="false"/>
            <line number="54" hits="11" branch="false"/>
            <line number="59" hits="2" branch="true" condition-coverage="83.33333333333334% (5/6)"/>
            <line number="60" hits="0" branch="false"/>
            <line number="62" hits="2" branch="false"/>
            <line number="63" hits="2" branch="false"/>
            <line number="64" hits="2" branch="false"/>
            <line number="65" hits="2" branch="false"/>
            <line number="73" hits="76" branch="false"/>
            <line number="78" hits="1" branch="false"/>
            <line number="79" hits="1" branch="false"/>
            <line number="80" hits="0" branch="true" condition-coverage="0% (0/2)"/>
            <line number="81" hits="0" branch="false"/>
            <line number="83" hits="1" branch="false"/>
            <line number="86" hits="32" branch="false"/>
            <line number="90" hits="91" branch="false"/>
            <line number="92" hits="91" branch="true" condition-coverage="100% (2/2)"/>
            <line number="93" hits="90" branch="false"/>
            <line number="94" hits="91" branch="false"/>
            <line number="96" hits="91" branch="true" condition-coverage="100% (2/2)"/>
            <line number="97" hits="36" branch="false"/>
            <line number="99" hits="91" branch="false"/>
            <line number="104" hits="5" branch="false"/>
            <line number="109" hits="1" branch="true" condition-coverage="75% (3/4)"/>
            <line number="110" hits="0" branch="false"/>
            <line number="112" hits="1" branch="false"/>
            <line number="113" hits="1" branch="false"/>
            <line number="114" hits="1" branch="false"/>
            <line number="119" hits="43" branch="true" condition-coverage="75% (3/4)"/>
            <line number="120" hits="0" branch="false"/>
            <line number="122" hits="43" branch="true" condition-coverage="100% (2/2)"/>
            <line number="123" hits="43" branch="false"/>
            <line number="124" hits="43" branch="false"/>
            <line number="129" hits="2" branch="true" condition-coverage="75% (3/4)"/>
            <line number="130" hits="0" branch="false"/>
            <line number="132" hits="2" branch="false"/>
            <line number="133" hits="2" branch="false"/>
            <line number="134" hits="2" branch="false"/>
            <line number="139" hits="1" branch="false"/>
            <line number="144" hits="9" branch="true" condition-coverage="100% (2/2)"/>
            <line number="145" hits="9" branch="false"/>
            <line number="147" hits="9" branch="false"/>
            <line number="148" hits="18" branch="true" condition-coverage="100% (2/2)"/>
            <line number="149" hits="14" branch="false"/>
            <line number="150" hits="18" branch="false"/>
            <line number="159" hits="30" branch="false"/>
            <line number="162" hits="101" branch="false"/>
            <line number="166" hits="65" branch="true" condition-coverage="50% (1/2)"/>
            <line number="167" hits="0" branch="false"/>
            <line number="169" hits="65" branch="true" condition-coverage="100% (2/2)"/>
            <line number="170" hits="64" branch="false"/>
            <line number="172" hits="65" branch="false"/>
            <line number="177" hits="6" branch="false"/>
            <line number="182" hits="1" branch="false"/>
            <line number="187" hits="14" branch="true" condition-coverage="100% (2/2)"/>
            <line number="188" hits="14" branch="false"/>
            <line number="190" hits="14" branch="false"/>
            <line number="191" hits="36" branch="true" condition-coverage="100% (4/4)"/>
            <line number="192" hits="18" branch="false"/>
            <line number="193" hits="36" branch="false"/>
            <line number="203" hits="104" branch="true" condition-coverage="50% (1/2)"/>
            <line number="204" hits="0" branch="false"/>
            <line number="205" hits="104" branch="false"/>
            <line number="210" hits="87" branch="true" condition-coverage="50% (1/2)"/>
            <line number="211" hits="0" branch="false"/>
            <line number="213" hits="87" branch="false"/>
            <line number="214" hits="157" branch="true" condition-coverage="100% (2/2)"/>
            <line number="215" hits="14" branch="false"/>
            <line number="219" hits="176" branch="false"/>
            <line number="220" hits="176" branch="false"/>
            <line number="222" hits="176" branch="true" condition-coverage="100% (2/2)"/>
            <line number="223" hits="143" branch="false"/>
            <line number="225" hits="33" branch="false"/>
            <line number="227" hits="143" branch="false"/>
            <line number="229" hits="143" branch="true" condition-coverage="100% (2/2)"/>
            <line number="230" hits="87" branch="false"/>
            <line number="232" hits="56" branch="false"/>
            <line number="239" hits="1" branch="false"/>
          </lines>
        </class>
      </classes>
    </package>
  </packages>
</coverage>
